2018-05-04 11:20:02,090 - ConfRead - INFO - 【成功】读取设置参数成功：20170101，926001000，1，00000224，00000055，KH00000140，0，/sql/926001000_1/，/sql/hbsql/926001000_1.sql
2018-05-04 11:20:02,091 - FileOpera - INFO - 【成功】已清空文件：/sql/hbsql/926001000_1.sql
2018-05-04 11:20:02,093 - ConfRead - INFO - 【成功】读取设置参数成功：20170101，926001000，1，00000224，00000055，KH00000140，0，/sql/926001000_1/，/sql/hbsql/926001000_1.sql
2018-05-04 11:20:02,094 - ConfRead - INFO - 【成功】读取时间参数成功：['0\n', '900\n', '1800\n', '2700\n', '3600\n', '4500\n', '5400\n', '6300\n', '7200\n', '8100\n', '9000\n', '9900\n', '10800\n', '11700\n', '12600\n', '13500\n', '14400\n', '15300\n', '16200\n', '17100\n', '18000\n', '18900\n', '19800\n', '20700\n', '21600\n', '22500\n', '23400\n', '24300\n', '25200\n', '26100\n', '27000\n', '27900\n', '28800\n', '29700\n', '30600\n', '31500\n', '32400\n', '33300\n', '34200\n', '35100\n', '36000\n', '36900\n', '37800\n', '38700\n', '39600\n', '40500\n', '41400\n', '42300\n', '43200\n', '44100\n', '45000\n', '45900\n', '46800\n', '47700\n', '48600\n', '49500\n', '50400\n', '51300\n', '52200\n', '53100\n', '54000\n', '54900\n', '55800\n', '56700\n', '57600\n', '58500\n', '59400\n', '60300\n', '61200\n', '62100\n', '63000\n', '63900\n', '64800\n', '65700\n', '66600\n', '67500\n', '68400\n', '69300\n', '70200\n', '71100\n', '72000\n', '72900\n', '73800\n', '74700\n', '75600\n', '76500\n', '77400\n', '78300\n', '79200\n', '80100\n', '81000\n', '81900\n', '82800\n', '83700\n', '84600\n', '85500\n']
2018-05-04 11:20:02,094 - ConfRead - INFO - 【成功】读取设置参数成功：20170101，926001000，1，00000224，00000055，KH00000140，0，/sql/926001000_1/，/sql/hbsql/926001000_1.sql
2018-05-04 11:20:02,094 - FileOpera - INFO - 【成功】已构造sql脚本文件名称：926001000_1_20170101_20180504112002.sql
2018-05-04 11:20:02,121 - ProductSql - INFO - 【成功】读取构造数据：本次开始示数值 0，本次开始日期 20170101，结束示数值 238，【切记】后续构造数据大于示数最后值。
2018-05-04 11:20:02,121 - ProductSql - INFO - 【成功】读取构造数据：本次开始示数值 0，本次开始日期 20170101，结束示数值 238，【切记】后续构造数据大于示数最后值。
2018-05-04 11:20:02,122 - ProductSql - INFO - 【成功】最后示数值： 238
2018-05-04 11:20:02,122 - ProductSql - INFO - 【成功】最后示数值： 238
2018-05-04 11:20:02,124 - ConfRead - INFO - 【成功】读取设置参数成功：20170203，926001000，1，00000224，00000055，KH00000140，238，/sql/926001000_1/，/sql/hbsql/926001000_1.sql
2018-05-04 11:20:02,124 - ProductSql - INFO - 【成功】更新配置数据：最新开始示数值 238，最新开始日期 20170203，即下一次构造数据的起始值，【切记】后续构造数据大于示数最后值
2018-05-04 11:20:02,124 - ProductSql - INFO - 【成功】更新配置数据：最新开始示数值 238，最新开始日期 20170203，即下一次构造数据的起始值，【切记】后续构造数据大于示数最后值
2018-05-04 11:20:02,125 - ConfRead - INFO - 【成功】读取设置参数成功：20170203，926001000，1，00000224，00000055，KH00000140，238，/sql/926001000_1/，/sql/hbsql/926001000_1.sql
2018-05-04 11:20:02,125 - FileOpera - INFO - 【成功】需要合并的sql文件有：['926001000_1_20170101_20180504112002.sql']
2018-05-04 11:20:02,137 - FileOpera - INFO - 【成功】-- 其中文件 /sql/926001000_1/926001000_1_20170101_20180504112002.sql 共：【2688】 条数据
2018-05-04 11:20:02,142 - FileOpera - INFO - 【成功】合并文件 /sql/hbsql/926001000_1.sql 成功，合并后总共：【2688】 条数据，数量匹配正确。 
2018-05-04 11:20:02,142 - FileOpera - INFO - 【成功】=================本次构建已完成=================

2018-05-04 11:20:02,143 - ConfRead - INFO - 【成功】读取设置参数成功：20170101，926001000，2，00000237，00000055，KH00000140，0，/sql/926001000_2/，/sql/hbsql/926001000_2.sql
2018-05-04 11:20:02,144 - FileOpera - INFO - 【成功】已清空文件：/sql/hbsql/926001000_2.sql
2018-05-04 11:20:02,145 - ConfRead - INFO - 【成功】读取设置参数成功：20170101，926001000，2，00000237，00000055，KH00000140，0，/sql/926001000_2/，/sql/hbsql/926001000_2.sql
2018-05-04 11:20:02,145 - ConfRead - INFO - 【成功】读取时间参数成功：['0\n', '900\n', '1800\n', '2700\n', '3600\n', '4500\n', '5400\n', '6300\n', '7200\n', '8100\n', '9000\n', '9900\n', '10800\n', '11700\n', '12600\n', '13500\n', '14400\n', '15300\n', '16200\n', '17100\n', '18000\n', '18900\n', '19800\n', '20700\n', '21600\n', '22500\n', '23400\n', '24300\n', '25200\n', '26100\n', '27000\n', '27900\n', '28800\n', '29700\n', '30600\n', '31500\n', '32400\n', '33300\n', '34200\n', '35100\n', '36000\n', '36900\n', '37800\n', '38700\n', '39600\n', '40500\n', '41400\n', '42300\n', '43200\n', '44100\n', '45000\n', '45900\n', '46800\n', '47700\n', '48600\n', '49500\n', '50400\n', '51300\n', '52200\n', '53100\n', '54000\n', '54900\n', '55800\n', '56700\n', '57600\n', '58500\n', '59400\n', '60300\n', '61200\n', '62100\n', '63000\n', '63900\n', '64800\n', '65700\n', '66600\n', '67500\n', '68400\n', '69300\n', '70200\n', '71100\n', '72000\n', '72900\n', '73800\n', '74700\n', '75600\n', '76500\n', '77400\n', '78300\n', '79200\n', '80100\n', '81000\n', '81900\n', '82800\n', '83700\n', '84600\n', '85500\n']
2018-05-04 11:20:02,145 - ConfRead - INFO - 【成功】读取设置参数成功：20170101，926001000，2，00000237，00000055，KH00000140，0，/sql/926001000_2/，/sql/hbsql/926001000_2.sql
2018-05-04 11:20:02,146 - FileOpera - INFO - 【成功】已构造sql脚本文件名称：926001000_2_20170101_20180504112002.sql
2018-05-04 11:20:02,171 - ProductSql - INFO - 【成功】读取构造数据：本次开始示数值 0，本次开始日期 20170101，结束示数值 238，【切记】后续构造数据大于示数最后值。
2018-05-04 11:20:02,171 - ProductSql - INFO - 【成功】读取构造数据：本次开始示数值 0，本次开始日期 20170101，结束示数值 238，【切记】后续构造数据大于示数最后值。
2018-05-04 11:20:02,171 - ProductSql - INFO - 【成功】最后示数值： 238
2018-05-04 11:20:02,171 - ProductSql - INFO - 【成功】最后示数值： 238
2018-05-04 11:20:02,173 - ConfRead - INFO - 【成功】读取设置参数成功：20170203，926001000，2，00000237，00000055，KH00000140，238，/sql/926001000_2/，/sql/hbsql/926001000_2.sql
2018-05-04 11:20:02,174 - ProductSql - INFO - 【成功】更新配置数据：最新开始示数值 238，最新开始日期 20170203，即下一次构造数据的起始值，【切记】后续构造数据大于示数最后值
2018-05-04 11:20:02,174 - ProductSql - INFO - 【成功】更新配置数据：最新开始示数值 238，最新开始日期 20170203，即下一次构造数据的起始值，【切记】后续构造数据大于示数最后值
2018-05-04 11:20:02,174 - ConfRead - INFO - 【成功】读取设置参数成功：20170203，926001000，2，00000237，00000055，KH00000140，238，/sql/926001000_2/，/sql/hbsql/926001000_2.sql
2018-05-04 11:20:02,175 - FileOpera - INFO - 【成功】需要合并的sql文件有：['926001000_2_20170101_20180504112002.sql']
2018-05-04 11:20:02,186 - FileOpera - INFO - 【成功】-- 其中文件 /sql/926001000_2/926001000_2_20170101_20180504112002.sql 共：【2688】 条数据
2018-05-04 11:20:02,191 - FileOpera - INFO - 【成功】合并文件 /sql/hbsql/926001000_2.sql 成功，合并后总共：【2688】 条数据，数量匹配正确。 
2018-05-04 11:20:02,191 - FileOpera - INFO - 【成功】=================本次构建已完成=================

2018-05-04 11:20:02,192 - ConfRead - INFO - 【成功】读取设置参数成功：20170203，926001000，1，00000224，00000055，KH00000140，238，/sql/926001000_1/，/sql/hbsql/926001000_1.sql
2018-05-04 11:20:02,193 - FileOpera - INFO - 【成功】已清空文件：/sql/hbsql/926001000_1.sql
2018-05-04 11:20:02,196 - ConfRead - INFO - 【成功】读取设置参数成功：20170203，926001000，1，00000224，00000055，KH00000140，238，/sql/926001000_1/，/sql/hbsql/926001000_1.sql
2018-05-04 11:20:02,196 - ConfRead - INFO - 【成功】读取时间参数成功：['0\n', '900\n', '1800\n', '2700\n', '3600\n', '4500\n', '5400\n', '6300\n', '7200\n', '8100\n', '9000\n', '9900\n', '10800\n', '11700\n', '12600\n', '13500\n', '14400\n', '15300\n', '16200\n', '17100\n', '18000\n', '18900\n', '19800\n', '20700\n', '21600\n', '22500\n', '23400\n', '24300\n', '25200\n', '26100\n', '27000\n', '27900\n', '28800\n', '29700\n', '30600\n', '31500\n', '32400\n', '33300\n', '34200\n', '35100\n', '36000\n', '36900\n', '37800\n', '38700\n', '39600\n', '40500\n', '41400\n', '42300\n', '43200\n', '44100\n', '45000\n', '45900\n', '46800\n', '47700\n', '48600\n', '49500\n', '50400\n', '51300\n', '52200\n', '53100\n', '54000\n', '54900\n', '55800\n', '56700\n', '57600\n', '58500\n', '59400\n', '60300\n', '61200\n', '62100\n', '63000\n', '63900\n', '64800\n', '65700\n', '66600\n', '67500\n', '68400\n', '69300\n', '70200\n', '71100\n', '72000\n', '72900\n', '73800\n', '74700\n', '75600\n', '76500\n', '77400\n', '78300\n', '79200\n', '80100\n', '81000\n', '81900\n', '82800\n', '83700\n', '84600\n', '85500\n']
2018-05-04 11:20:02,197 - ConfRead - INFO - 【成功】读取设置参数成功：20170203，926001000，1，00000224，00000055，KH00000140，238，/sql/926001000_1/，/sql/hbsql/926001000_1.sql
2018-05-04 11:20:02,197 - FileOpera - INFO - 【成功】已构造sql脚本文件名称：926001000_1_20170203_20180504112002.sql
2018-05-04 11:20:02,226 - ProductSql - INFO - 【成功】读取构造数据：本次开始示数值 238，本次开始日期 20170203，结束示数值 538，【切记】后续构造数据大于示数最后值。
2018-05-04 11:20:02,226 - ProductSql - INFO - 【成功】读取构造数据：本次开始示数值 238，本次开始日期 20170203，结束示数值 538，【切记】后续构造数据大于示数最后值。
2018-05-04 11:20:02,227 - ProductSql - INFO - 【成功】最后示数值： 538
2018-05-04 11:20:02,227 - ProductSql - INFO - 【成功】最后示数值： 538
2018-05-04 11:20:02,228 - ConfRead - INFO - 【成功】读取设置参数成功：20170308，926001000，1，00000224，00000055，KH00000140，538，/sql/926001000_1/，/sql/hbsql/926001000_1.sql
2018-05-04 11:20:02,228 - ProductSql - INFO - 【成功】更新配置数据：最新开始示数值 538，最新开始日期 20170308，即下一次构造数据的起始值，【切记】后续构造数据大于示数最后值
2018-05-04 11:20:02,228 - ProductSql - INFO - 【成功】更新配置数据：最新开始示数值 538，最新开始日期 20170308，即下一次构造数据的起始值，【切记】后续构造数据大于示数最后值
2018-05-04 11:20:02,229 - ConfRead - INFO - 【成功】读取设置参数成功：20170308，926001000，1，00000224，00000055，KH00000140，538，/sql/926001000_1/，/sql/hbsql/926001000_1.sql
2018-05-04 11:20:02,230 - FileOpera - INFO - 【成功】需要合并的sql文件有：['926001000_1_20170101_20180504112002.sql', '926001000_1_20170203_20180504112002.sql']
2018-05-04 11:20:02,243 - FileOpera - INFO - 【成功】-- 其中文件 /sql/926001000_1/926001000_1_20170101_20180504112002.sql 共：【2688】 条数据
2018-05-04 11:20:02,256 - FileOpera - INFO - 【成功】-- 其中文件 /sql/926001000_1/926001000_1_20170203_20180504112002.sql 共：【2688】 条数据
2018-05-04 11:20:02,267 - FileOpera - INFO - 【成功】合并文件 /sql/hbsql/926001000_1.sql 成功，合并后总共：【5376】 条数据，数量匹配正确。 
2018-05-04 11:20:02,267 - FileOpera - INFO - 【成功】=================本次构建已完成=================

2018-05-04 11:20:02,269 - ConfRead - INFO - 【成功】读取设置参数成功：20170203，926001000，2，00000237，00000055，KH00000140，238，/sql/926001000_2/，/sql/hbsql/926001000_2.sql
2018-05-04 11:20:02,270 - FileOpera - INFO - 【成功】已清空文件：/sql/hbsql/926001000_2.sql
2018-05-04 11:20:02,273 - ConfRead - INFO - 【成功】读取设置参数成功：20170203，926001000，2，00000237，00000055，KH00000140，238，/sql/926001000_2/，/sql/hbsql/926001000_2.sql
2018-05-04 11:20:02,273 - ConfRead - INFO - 【成功】读取时间参数成功：['0\n', '900\n', '1800\n', '2700\n', '3600\n', '4500\n', '5400\n', '6300\n', '7200\n', '8100\n', '9000\n', '9900\n', '10800\n', '11700\n', '12600\n', '13500\n', '14400\n', '15300\n', '16200\n', '17100\n', '18000\n', '18900\n', '19800\n', '20700\n', '21600\n', '22500\n', '23400\n', '24300\n', '25200\n', '26100\n', '27000\n', '27900\n', '28800\n', '29700\n', '30600\n', '31500\n', '32400\n', '33300\n', '34200\n', '35100\n', '36000\n', '36900\n', '37800\n', '38700\n', '39600\n', '40500\n', '41400\n', '42300\n', '43200\n', '44100\n', '45000\n', '45900\n', '46800\n', '47700\n', '48600\n', '49500\n', '50400\n', '51300\n', '52200\n', '53100\n', '54000\n', '54900\n', '55800\n', '56700\n', '57600\n', '58500\n', '59400\n', '60300\n', '61200\n', '62100\n', '63000\n', '63900\n', '64800\n', '65700\n', '66600\n', '67500\n', '68400\n', '69300\n', '70200\n', '71100\n', '72000\n', '72900\n', '73800\n', '74700\n', '75600\n', '76500\n', '77400\n', '78300\n', '79200\n', '80100\n', '81000\n', '81900\n', '82800\n', '83700\n', '84600\n', '85500\n']
2018-05-04 11:20:02,274 - ConfRead - INFO - 【成功】读取设置参数成功：20170203，926001000，2，00000237，00000055，KH00000140，238，/sql/926001000_2/，/sql/hbsql/926001000_2.sql
2018-05-04 11:20:02,274 - FileOpera - INFO - 【成功】已构造sql脚本文件名称：926001000_2_20170203_20180504112002.sql
2018-05-04 11:20:02,305 - ProductSql - INFO - 【成功】读取构造数据：本次开始示数值 238，本次开始日期 20170203，结束示数值 548，【切记】后续构造数据大于示数最后值。
2018-05-04 11:20:02,305 - ProductSql - INFO - 【成功】读取构造数据：本次开始示数值 238，本次开始日期 20170203，结束示数值 548，【切记】后续构造数据大于示数最后值。
2018-05-04 11:20:02,307 - ProductSql - INFO - 【成功】最后示数值： 548
2018-05-04 11:20:02,307 - ProductSql - INFO - 【成功】最后示数值： 548
2018-05-04 11:20:02,310 - ConfRead - INFO - 【成功】读取设置参数成功：20170308，926001000，2，00000237，00000055，KH00000140，548，/sql/926001000_2/，/sql/hbsql/926001000_2.sql
2018-05-04 11:20:02,311 - ProductSql - INFO - 【成功】更新配置数据：最新开始示数值 548，最新开始日期 20170308，即下一次构造数据的起始值，【切记】后续构造数据大于示数最后值
2018-05-04 11:20:02,311 - ProductSql - INFO - 【成功】更新配置数据：最新开始示数值 548，最新开始日期 20170308，即下一次构造数据的起始值，【切记】后续构造数据大于示数最后值
2018-05-04 11:20:02,311 - ConfRead - INFO - 【成功】读取设置参数成功：20170308，926001000，2，00000237，00000055，KH00000140，548，/sql/926001000_2/，/sql/hbsql/926001000_2.sql
2018-05-04 11:20:02,312 - FileOpera - INFO - 【成功】需要合并的sql文件有：['926001000_2_20170101_20180504112002.sql', '926001000_2_20170203_20180504112002.sql']
2018-05-04 11:20:02,324 - FileOpera - INFO - 【成功】-- 其中文件 /sql/926001000_2/926001000_2_20170101_20180504112002.sql 共：【2688】 条数据
2018-05-04 11:20:02,336 - FileOpera - INFO - 【成功】-- 其中文件 /sql/926001000_2/926001000_2_20170203_20180504112002.sql 共：【2688】 条数据
2018-05-04 11:20:02,346 - FileOpera - INFO - 【成功】合并文件 /sql/hbsql/926001000_2.sql 成功，合并后总共：【5376】 条数据，数量匹配正确。 
2018-05-04 11:20:02,346 - FileOpera - INFO - 【成功】=================本次构建已完成=================

